-------------------------------------------------------------------------------
Test set: com.start.ChaniMalApplicationTests
-------------------------------------------------------------------------------
Tests run: 1, Failures: 0, Errors: 1, Skipped: 0, Time elapsed: 0.33 s <<< FAILURE! - in com.start.ChaniMalApplicationTests
com.start.ChaniMalApplicationTests  Time elapsed: 0.329 s  <<< ERROR!
java.lang.IllegalStateException: Unable to find a @SpringBootConfiguration, you need to use @ContextConfiguration or @SpringBootTest(classes=...) with your test

